<?xml version="1.0" encoding="UTF-8"?>
<!-- Generated by org.testng.reporters.JUnitXMLReporter -->
<testsuite ignored="0" hostname="DESKTOP-MHU0B0P" failures="0" tests="3" name="Oct batch tests" time="10.869" errors="0" timestamp="2022-11-19T22:50:52 IST">
  <testcase classname="seleniumtests.TestNgDemo" name="method3" time="0.012"/>
  <testcase classname="seleniumtests.TestNgDemo" name="method4" time="0.005"/>
  <testcase classname="seleniumtests.Opencart" name="method1" time="10.79"/>
</testsuite> <!-- Oct batch tests -->
