<?xml version="1.0" encoding="UTF-8"?>
<!-- Generated by org.testng.reporters.JUnitXMLReporter -->
<testsuite ignored="1" hostname="DESKTOP-MHU0B0P" failures="0" tests="2" name="Group A" time="0.097" errors="0" timestamp="2022-11-20T17:30:12 IST">
  <testcase classname="seleniumtests.Groups" name="testcase1" time="0.018"/>
  <testcase classname="seleniumtests.Groups" name="testcase2" time="0.003"/>
  <testcase classname="seleniumtests.Groups" name="testcase3" time="0.0">
    <ignored/>
  </testcase> <!-- testcase3 -->
</testsuite> <!-- Group A -->
