<?xml version="1.0" encoding="UTF-8"?>
<!-- Generated by org.testng.reporters.JUnitXMLReporter -->
<testsuite ignored="1" hostname="DESKTOP-MHU0B0P" failures="0" tests="2" name="Groups in Groups" time="0.112" errors="0" timestamp="2022-11-20T17:23:32 IST">
  <testcase classname="seleniumtests.GroupsinGroups" name="test1" time="0.017"/>
  <testcase classname="seleniumtests.GroupsinGroups" name="test2" time="0.002"/>
  <testcase classname="seleniumtests.GroupsinGroups" name="test3" time="0.0">
    <ignored/>
  </testcase> <!-- test3 -->
</testsuite> <!-- Groups in Groups -->
